<?xml version="1.0" encoding="UTF-8"?>
<!-- Generated by org.testng.reporters.JUnitReportReporter -->
<testsuite hostname="PC9WIN11" failures="0" tests="11" name="strongroom.Agedcare" time="462.224" errors="0" timestamp="2024-01-23T16:46:05 IST" skipped="3">
  <testcase classname="strongroom.Agedcare" name="TransferinImprest" time="62.980"/>
  <system-out/>
  <testcase classname="strongroom.Agedcare" name="TransferinPatient" time="60.167"/>
  <system-out/>
  <testcase classname="strongroom.Agedcare" name="TransferoutImprest" time="62.341"/>
  <system-out/>
  <testcase classname="strongroom.Agedcare" name="TransferoutPatient" time="57.564"/>
  <system-out/>
  <testcase classname="strongroom.Agedcare" name="Destroyimprest" time="57.280"/>
  <system-out/>
  <testcase classname="strongroom.Agedcare" name="DestroyPatient" time="52.164"/>
  <system-out/>
  <testcase classname="strongroom.Agedcare" name="Outgoingimprest" time="57.321"/>
  <system-out/>
  <testcase classname="strongroom.Agedcare" name="OutgoingPatient" time="52.407"/>
  <system-out/>
  <testcase classname="strongroom.Agedcare" name="Adjustmentimprest">
    <skipped/>
  </testcase> <!-- Adjustmentimprest -->
  <system-out/>
  <testcase classname="strongroom.Agedcare" name="stocktakeOpen">
    <skipped/>
  </testcase> <!-- stocktakeOpen -->
  <system-out/>
  <testcase classname="strongroom.Agedcare" name="stocktakeclose">
    <skipped/>
  </testcase> <!-- stocktakeclose -->
  <system-out/>
</testsuite> <!-- strongroom.Agedcare -->
