<?xml version="1.0" encoding="UTF-8"?>
<!-- Generated by org.testng.reporters.JUnitReportReporter -->
<testsuite hostname="pc9" failures="0" tests="19" name="testsuite.TestScript" time="380.817" errors="0" timestamp="2024-01-05T16:43:24 IST" skipped="3">
  <testcase classname="testsuite.TestScript" name="Login" time="13.492"/>
  <system-out/>
  <testcase classname="testsuite.TestScript" name="TransferinPatient" time="24.424"/>
  <system-out/>
  <testcase classname="testsuite.TestScript" name="TransferinPatient" time="24.455"/>
  <system-out/>
  <testcase classname="testsuite.TestScript" name="TransferinPatient" time="24.850"/>
  <system-out/>
  <testcase classname="testsuite.TestScript" name="TransferinPatient" time="24.164"/>
  <system-out/>
  <testcase classname="testsuite.TestScript" name="TransferinPatient" time="24.346"/>
  <system-out/>
  <testcase classname="testsuite.TestScript" name="TransferinPatient" time="24.153"/>
  <system-out/>
  <testcase classname="testsuite.TestScript" name="TransferinPatient" time="24.560"/>
  <system-out/>
  <testcase classname="testsuite.TestScript" name="TransferinPatient" time="24.660"/>
  <system-out/>
  <testcase classname="testsuite.TestScript" name="TransferinPatient" time="24.954"/>
  <system-out/>
  <testcase classname="testsuite.TestScript" name="TransferinPatient" time="24.196"/>
  <system-out/>
  <testcase classname="testsuite.TestScript" name="TransferinPatient" time="24.127"/>
  <system-out/>
  <testcase classname="testsuite.TestScript" name="TransferinPatient" time="24.409"/>
  <system-out/>
  <testcase classname="testsuite.TestScript" name="TransferinPatient" time="24.370"/>
  <system-out/>
  <testcase classname="testsuite.TestScript" name="TransferinPatient" time="24.532"/>
  <system-out/>
  <testcase classname="testsuite.TestScript" name="TransferinPatient" time="25.125"/>
  <system-out/>
  <testcase classname="testsuite.TestScript" name="TransferinImprest">
    <skipped/>
  </testcase> <!-- TransferinImprest -->
  <system-out/>
  <testcase classname="testsuite.TestScript" name="stocktakeOpen">
    <skipped/>
  </testcase> <!-- stocktakeOpen -->
  <system-out/>
  <testcase classname="testsuite.TestScript" name="stocktakeclose">
    <skipped/>
  </testcase> <!-- stocktakeclose -->
  <system-out/>
</testsuite> <!-- testsuite.TestScript -->
