<?xml version="1.0" encoding="UTF-8"?>
<!-- Generated by org.testng.reporters.JUnitReportReporter -->
<testsuite hostname="pc9" failures="0" tests="6" name="testsuite.Agedcare" time="62.157" errors="0" timestamp="2024-01-05T17:08:21 IST" skipped="3">
  <testcase classname="testsuite.Agedcare" name="Login" time="12.613"/>
  <system-out/>
  <testcase classname="testsuite.Agedcare" name="TransferinPatient" time="24.826"/>
  <system-out/>
  <testcase classname="testsuite.Agedcare" name="TransferinPatient" time="24.718"/>
  <system-out/>
  <testcase classname="testsuite.Agedcare" name="TransferinImprest">
    <skipped/>
  </testcase> <!-- TransferinImprest -->
  <system-out/>
  <testcase classname="testsuite.Agedcare" name="stocktakeOpen">
    <skipped/>
  </testcase> <!-- stocktakeOpen -->
  <system-out/>
  <testcase classname="testsuite.Agedcare" name="stocktakeclose">
    <skipped/>
  </testcase> <!-- stocktakeclose -->
  <system-out/>
</testsuite> <!-- testsuite.Agedcare -->
