<?xml version="1.0" encoding="UTF-8"?>
<!-- Generated by org.testng.reporters.JUnitReportReporter -->
<testsuite hostname="PC9WIN11" failures="0" tests="11" name="strongroom.Agedcare" time="122.047" errors="0" timestamp="2024-01-23T16:11:13 IST" skipped="9">
  <testcase classname="strongroom.Agedcare" name="TransferoutImprest" time="62.318"/>
  <system-out/>
  <testcase classname="strongroom.Agedcare" name="TransferoutPatient" time="59.729"/>
  <system-out/>
  <testcase classname="strongroom.Agedcare" name="TransferinImprest">
    <skipped/>
  </testcase> <!-- TransferinImprest -->
  <system-out/>
  <testcase classname="strongroom.Agedcare" name="DestroyPatient">
    <skipped/>
  </testcase> <!-- DestroyPatient -->
  <system-out/>
  <testcase classname="strongroom.Agedcare" name="OutgoingPatient">
    <skipped/>
  </testcase> <!-- OutgoingPatient -->
  <system-out/>
  <testcase classname="strongroom.Agedcare" name="Destroyimprest">
    <skipped/>
  </testcase> <!-- Destroyimprest -->
  <system-out/>
  <testcase classname="strongroom.Agedcare" name="Adjustmentimprest">
    <skipped/>
  </testcase> <!-- Adjustmentimprest -->
  <system-out/>
  <testcase classname="strongroom.Agedcare" name="TransferinPatient">
    <skipped/>
  </testcase> <!-- TransferinPatient -->
  <system-out/>
  <testcase classname="strongroom.Agedcare" name="Outgoingimprest">
    <skipped/>
  </testcase> <!-- Outgoingimprest -->
  <system-out/>
  <testcase classname="strongroom.Agedcare" name="stocktakeOpen">
    <skipped/>
  </testcase> <!-- stocktakeOpen -->
  <system-out/>
  <testcase classname="strongroom.Agedcare" name="stocktakeclose">
    <skipped/>
  </testcase> <!-- stocktakeclose -->
  <system-out/>
</testsuite> <!-- strongroom.Agedcare -->
