<?xml version="1.0" encoding="UTF-8"?>
<!-- Generated by org.testng.reporters.JUnitReportReporter -->
<testsuite hostname="pc9" failures="0" tests="2" name="launchbrowser.StockBalance" time="471.496" errors="0" timestamp="2024-01-02T16:46:06 IST" skipped="0">
  <testcase classname="launchbrowser.StockBalance" name="runTest" time="451.951"/>
  <system-out/>
  <testcase classname="launchbrowser.StockBalance" name="topMethodTest" time="19.545"/>
  <system-out/>
</testsuite> <!-- launchbrowser.StockBalance -->
