<?xml version="1.0" encoding="UTF-8"?>
<!-- Generated by org.testng.reporters.JUnitReportReporter -->
<testsuite hostname="PC9WIN11" failures="0" tests="11" name="strongroom.Agedcare" time="7.339" errors="1" timestamp="2024-01-23T09:53:59 IST" skipped="10">
  <testcase classname="strongroom.Agedcare" name="OutgoingPatient" time="7.339">
    <error message="Cannot invoke &quot;objects.Stocktakepage.clickStock()&quot; because &quot;objects.OpenStock.stocktakepage&quot; is null" type="java.lang.NullPointerException">
      <![CDATA[java.lang.NullPointerException: Cannot invoke "objects.Stocktakepage.clickStock()" because "objects.OpenStock.stocktakepage" is null
at objects.OpenStock.openstock(OpenStock.java:6)
at strongroom.Agedcare.OutgoingPatient(Agedcare.java:132)
at java.base/jdk.internal.reflect.NativeMethodAccessorImpl.invoke0(Native Method)
at java.base/jdk.internal.reflect.NativeMethodAccessorImpl.invoke(NativeMethodAccessorImpl.java:77)
at java.base/jdk.internal.reflect.DelegatingMethodAccessorImpl.invoke(DelegatingMethodAccessorImpl.java:43)
at java.base/java.lang.reflect.Method.invoke(Method.java:568)
at org.testng.internal.MethodInvocationHelper.invokeMethod(MethodInvocationHelper.java:133)
at org.testng.internal.TestInvoker.invokeMethod(TestInvoker.java:598)
at org.testng.internal.TestInvoker.invokeTestMethod(TestInvoker.java:173)
at org.testng.internal.MethodRunner.runInSequence(MethodRunner.java:46)
at org.testng.internal.TestInvoker$MethodInvocationAgent.invoke(TestInvoker.java:824)
at org.testng.internal.TestInvoker.invokeTestMethods(TestInvoker.java:146)
at org.testng.internal.TestMethodWorker.invokeTestMethods(TestMethodWorker.java:146)
at org.testng.internal.TestMethodWorker.run(TestMethodWorker.java:128)
at java.base/java.util.ArrayList.forEach(ArrayList.java:1511)
at org.testng.TestRunner.privateRun(TestRunner.java:794)
at org.testng.TestRunner.run(TestRunner.java:596)
at org.testng.SuiteRunner.runTest(SuiteRunner.java:377)
at org.testng.SuiteRunner.runSequentially(SuiteRunner.java:371)
at org.testng.SuiteRunner.privateRun(SuiteRunner.java:332)
at org.testng.SuiteRunner.run(SuiteRunner.java:276)
at org.testng.SuiteRunnerWorker.runSuite(SuiteRunnerWorker.java:53)
at org.testng.SuiteRunnerWorker.run(SuiteRunnerWorker.java:96)
at org.testng.TestNG.runSuitesSequentially(TestNG.java:1212)
at org.testng.TestNG.runSuitesLocally(TestNG.java:1134)
at org.testng.TestNG.runSuites(TestNG.java:1063)
at org.testng.TestNG.run(TestNG.java:1031)
at org.testng.remote.AbstractRemoteTestNG.run(AbstractRemoteTestNG.java:115)
at org.testng.remote.RemoteTestNG.initAndRun(RemoteTestNG.java:251)
at org.testng.remote.RemoteTestNG.main(RemoteTestNG.java:77)
]]>
    </error>
  </testcase> <!-- OutgoingPatient -->
  <system-out/>
  <testcase classname="strongroom.Agedcare" name="TransferinImprest">
    <skipped/>
  </testcase> <!-- TransferinImprest -->
  <system-out/>
  <testcase classname="strongroom.Agedcare" name="DestroyPatient">
    <skipped/>
  </testcase> <!-- DestroyPatient -->
  <system-out/>
  <testcase classname="strongroom.Agedcare" name="TransferoutImprest">
    <skipped/>
  </testcase> <!-- TransferoutImprest -->
  <system-out/>
  <testcase classname="strongroom.Agedcare" name="TransferoutPatient">
    <skipped/>
  </testcase> <!-- TransferoutPatient -->
  <system-out/>
  <testcase classname="strongroom.Agedcare" name="Destroyimprest">
    <skipped/>
  </testcase> <!-- Destroyimprest -->
  <system-out/>
  <testcase classname="strongroom.Agedcare" name="Adjustmentimprest">
    <skipped/>
  </testcase> <!-- Adjustmentimprest -->
  <system-out/>
  <testcase classname="strongroom.Agedcare" name="TransferinPatient">
    <skipped/>
  </testcase> <!-- TransferinPatient -->
  <system-out/>
  <testcase classname="strongroom.Agedcare" name="Outgoingimprest">
    <skipped/>
  </testcase> <!-- Outgoingimprest -->
  <system-out/>
  <testcase classname="strongroom.Agedcare" name="stocktakeOpen">
    <skipped/>
  </testcase> <!-- stocktakeOpen -->
  <system-out/>
  <testcase classname="strongroom.Agedcare" name="stocktakeclose">
    <skipped/>
  </testcase> <!-- stocktakeclose -->
  <system-out/>
</testsuite> <!-- strongroom.Agedcare -->
