<?xml version="1.0" encoding="UTF-8"?>
<!-- Generated by org.testng.reporters.JUnitReportReporter -->
<testsuite hostname="pc9" failures="0" tests="2" name="launchbrowser.BalanceTest" time="436.381" errors="0" timestamp="2023-12-27T18:10:06 IST" skipped="0">
  <testcase classname="launchbrowser.BalanceTest" name="runTest" time="418.554"/>
  <system-out/>
  <testcase classname="launchbrowser.BalanceTest" name="topMethodTest" time="17.827"/>
  <system-out/>
</testsuite> <!-- launchbrowser.BalanceTest -->
